[2025-07-25 15:11:01,888] YOLOv5  v6.1-179-gf3fecf9 torch 2.3.1+cpu CPU

[2025-07-25 15:11:01,936] Fusing layers... 
[2025-07-25 15:11:02,032] Model summary: 213 layers, 1760518 parameters, 0 gradients
[2025-07-25 15:11:02,040] Adding AutoShape... 
[2025-07-25 15:11:02,184] YOLOv5  v6.1-179-gf3fecf9 torch 2.3.1+cpu CPU

[2025-07-25 15:11:02,234] Fusing layers... 
[2025-07-25 15:11:02,299] Model summary: 213 layers, 1799755 parameters, 0 gradients
[2025-07-25 15:11:02,304] Adding AutoShape... 
[2025-07-25 15:13:31,142] Detected: license_plate | Confidence: 0.56 | Box: (609, 744), (654, 771)
[2025-07-25 15:13:44,158] Detected: license_plate | Confidence: 0.35 | Box: (526, 741), (558, 760)
[2025-07-25 15:13:44,946] Detected: license_plate | Confidence: 0.31 | Box: (902, 738), (937, 759)
[2025-07-25 15:14:16,573] Detected: license_plate | Confidence: 0.32 | Box: (796, 677), (818, 699)
[2025-07-25 15:15:52,653] Detected: license_plate | Confidence: 0.26 | Box: (1291, 667), (1328, 687)
[2025-07-25 15:16:20,786] Detected: license_plate | Confidence: 0.38 | Box: (686, 771), (721, 800)
[2025-07-25 15:17:57,371] Detected: license_plate | Confidence: 0.29 | Box: (1150, 724), (1198, 757)
[2025-07-25 15:18:04,530] Detected: license_plate | Confidence: 0.25 | Box: (864, 703), (906, 737)
[2025-07-25 15:18:50,507] Detected: license_plate | Confidence: 0.34 | Box: (988, 780), (1057, 799)
[2025-07-25 15:24:32,807] YOLOv5  v6.1-179-gf3fecf9 torch 2.3.1+cpu CPU

[2025-07-25 15:24:32,850] Fusing layers... 
[2025-07-25 15:24:32,941] Model summary: 213 layers, 1760518 parameters, 0 gradients
[2025-07-25 15:24:32,947] Adding AutoShape... 
[2025-07-25 15:24:33,073] YOLOv5  v6.1-179-gf3fecf9 torch 2.3.1+cpu CPU

[2025-07-25 15:24:33,121] Fusing layers... 
[2025-07-25 15:24:33,192] Model summary: 213 layers, 1799755 parameters, 0 gradients
[2025-07-25 15:24:33,198] Adding AutoShape... 
[2025-07-25 15:24:56,827] Detected: license_plate | Confidence: 0.33 | Box: (560, 772), (611, 789)
[2025-07-25 15:24:57,127] Detected: license_plate | Confidence: 0.48 | Box: (802, 785), (841, 799)
[2025-07-25 15:24:57,676] Detected: license_plate | Confidence: 0.40 | Box: (1152, 760), (1195, 779)
[2025-07-25 15:24:57,912] Detected: license_plate | Confidence: 0.44 | Box: (1279, 742), (1313, 759)
[2025-07-25 15:26:01,274] Detected: license_plate | Confidence: 0.41 | Box: (709, 661), (739, 682)
[2025-07-25 15:26:04,861] Detected: license_plate | Confidence: 0.48 | Box: (806, 660), (836, 677)
[2025-07-25 15:26:28,712] Detected: license_plate | Confidence: 0.34 | Box: (556, 787), (601, 800)
[2025-07-25 15:26:58,242] Detected: license_plate | Confidence: 0.38 | Box: (991, 717), (1032, 738)
[2025-07-25 15:26:58,544] Detected: license_plate | Confidence: 0.49 | Box: (772, 729), (808, 749)
[2025-07-25 15:27:02,229] Detected: license_plate | Confidence: 0.33 | Box: (1133, 754), (1174, 776)
[2025-07-25 15:34:59,775] YOLOv5  v6.1-179-gf3fecf9 torch 2.3.1+cpu CPU

[2025-07-25 15:34:59,829] Fusing layers... 
[2025-07-25 15:34:59,926] Model summary: 213 layers, 1760518 parameters, 0 gradients
[2025-07-25 15:34:59,933] Adding AutoShape... 
[2025-07-25 15:35:00,065] YOLOv5  v6.1-179-gf3fecf9 torch 2.3.1+cpu CPU

[2025-07-25 15:35:00,122] Fusing layers... 
[2025-07-25 15:35:00,206] Model summary: 213 layers, 1799755 parameters, 0 gradients
[2025-07-25 15:35:00,210] Adding AutoShape... 
[2025-07-25 15:35:14,307] Detected: license_plate | Confidence: 0.55 | Box: (921, 747), (963, 769)
[2025-07-25 15:46:08,330] YOLOv5  v6.1-179-gf3fecf9 torch 2.3.1+cpu CPU

[2025-07-25 15:46:08,377] Fusing layers... 
[2025-07-25 15:46:08,472] Model summary: 213 layers, 1760518 parameters, 0 gradients
[2025-07-25 15:46:08,484] Adding AutoShape... 
[2025-07-25 15:46:08,649] YOLOv5  v6.1-179-gf3fecf9 torch 2.3.1+cpu CPU

[2025-07-25 15:46:08,701] Fusing layers... 
[2025-07-25 15:46:08,796] Model summary: 213 layers, 1799755 parameters, 0 gradients
[2025-07-25 15:46:08,802] Adding AutoShape... 
[2025-07-25 15:50:18,967] Detected: license_plate | Confidence: 0.37 | Box: (1171, 771), (1201, 800)
[2025-07-25 15:50:32,868] Detected: license_plate | Confidence: 0.25 | Box: (1322, 747), (1383, 798)
[2025-07-25 15:50:33,183] Detected: license_plate | Confidence: 0.37 | Box: (1363, 773), (1420, 798)
[2025-07-25 15:50:33,286] Detected: license_plate | Confidence: 0.52 | Box: (1329, 780), (1391, 799)
[2025-07-25 15:50:36,409] Detected: license_plate | Confidence: 0.39 | Box: (846, 660), (889, 686)
[2025-07-25 15:50:36,518] Detected: license_plate | Confidence: 0.30 | Box: (851, 660), (888, 684)
[2025-07-25 15:50:37,621] Detected: license_plate | Confidence: 0.29 | Box: (813, 579), (834, 595)
[2025-07-25 15:50:37,738] Detected: license_plate | Confidence: 0.29 | Box: (808, 578), (833, 594)
[2025-07-25 15:50:40,236] Detected: license_plate | Confidence: 0.47 | Box: (521, 690), (582, 720)
[2025-07-25 15:50:40,336] Detected: license_plate | Confidence: 0.34 | Box: (508, 692), (564, 728)
[2025-07-25 15:51:42,681] Detected: license_plate | Confidence: 0.28 | Box: (683, 724), (718, 744)
[2025-07-25 15:52:28,315] Detected: license_plate | Confidence: 0.26 | Box: (759, 781), (797, 800)
[2025-07-25 15:52:28,438] Detected: license_plate | Confidence: 0.28 | Box: (799, 780), (839, 799)
[2025-07-25 15:52:29,289] Detected: license_plate | Confidence: 0.34 | Box: (1093, 747), (1127, 763)
[2025-07-25 15:52:29,434] Detected: license_plate | Confidence: 0.37 | Box: (1121, 743), (1156, 761)
[2025-07-25 15:52:29,586] Detected: license_plate | Confidence: 0.31 | Box: (1039, 760), (1092, 782)
[2025-07-25 15:52:29,728] Detected: license_plate | Confidence: 0.29 | Box: (1065, 752), (1113, 772)
[2025-07-25 15:52:30,438] Detected: license_plate | Confidence: 0.27 | Box: (1257, 712), (1291, 730)
[2025-07-25 15:52:31,190] Detected: license_plate | Confidence: 0.25 | Box: (1303, 676), (1344, 693)
[2025-07-25 15:53:01,811] Detected: license_plate | Confidence: 0.39 | Box: (802, 731), (851, 752)
[2025-07-25 15:53:20,642] Detected: license_plate | Confidence: 0.36 | Box: (1159, 677), (1194, 699)
[2025-07-25 15:55:07,671] Detected: license_plate | Confidence: 0.25 | Box: (1081, 703), (1126, 727)
[2025-07-25 15:55:20,670] Detected: license_plate | Confidence: 0.33 | Box: (1299, 732), (1339, 757)
[2025-07-25 15:56:55,378] Detected: license_plate | Confidence: 0.27 | Box: (768, 586), (794, 605)
[2025-07-25 15:56:55,617] Detected: license_plate | Confidence: 0.28 | Box: (1050, 775), (1086, 798)
[2025-07-25 15:57:07,258] Detected: license_plate | Confidence: 0.25 | Box: (1049, 780), (1118, 799)
[2025-07-25 15:57:38,147] Detected: license_plate | Confidence: 0.51 | Box: (630, 688), (681, 720)
[2025-07-25 15:58:04,402] Detected: license_plate | Confidence: 0.33 | Box: (872, 706), (908, 732)
[2025-07-25 15:58:09,175] Detected: license_plate | Confidence: 0.33 | Box: (851, 697), (884, 727)
[2025-07-25 15:58:18,927] Detected: license_plate | Confidence: 0.25 | Box: (522, 759), (567, 787)
[2025-07-25 15:58:19,042] Detected: license_plate | Confidence: 0.60 | Box: (560, 755), (608, 781)
[2025-07-25 15:58:20,872] Detected: license_plate | Confidence: 0.46 | Box: (1115, 714), (1159, 738)
[2025-07-25 15:59:01,061] Detected: license_plate | Confidence: 0.45 | Box: (834, 775), (904, 800)
[2025-07-25 15:59:01,138] Detected: license_plate | Confidence: 0.43 | Box: (787, 779), (858, 800)
[2025-07-25 15:59:01,139] Detected: license_plate | Confidence: 0.26 | Box: (889, 674), (933, 698)
[2025-07-25 16:00:26,482] Detected: license_plate | Confidence: 0.57 | Box: (1045, 740), (1087, 760)
[2025-07-25 16:00:58,262] Detected: license_plate | Confidence: 0.38 | Box: (1296, 665), (1335, 686)
[2025-07-25 16:01:19,573] Detected: license_plate | Confidence: 0.36 | Box: (877, 693), (943, 726)
[2025-07-25 16:01:19,746] Detected: license_plate | Confidence: 0.29 | Box: (842, 715), (902, 749)
[2025-07-25 16:01:19,748] Detected: license_plate | Confidence: 0.27 | Box: (810, 679), (843, 703)
[2025-07-25 16:02:13,438] Detected: license_plate | Confidence: 0.26 | Box: (920, 695), (948, 712)
[2025-07-25 16:02:39,042] Detected: license_plate | Confidence: 0.33 | Box: (931, 723), (981, 746)
[2025-07-25 16:02:39,188] Detected: license_plate | Confidence: 0.69 | Box: (812, 675), (851, 696)
[2025-07-25 16:02:39,322] Detected: license_plate | Confidence: 0.25 | Box: (732, 678), (770, 700)
[2025-07-25 16:02:39,462] Detected: license_plate | Confidence: 0.36 | Box: (664, 735), (710, 760)
[2025-07-25 16:02:39,607] Detected: license_plate | Confidence: 0.45 | Box: (577, 734), (624, 760)
[2025-07-25 16:03:09,763] Detected: license_plate | Confidence: 0.34 | Box: (685, 720), (713, 741)
[2025-07-25 16:03:09,764] Detected: license_plate | Confidence: 0.32 | Box: (623, 737), (651, 758)
[2025-07-25 16:03:10,007] Detected: license_plate | Confidence: 0.27 | Box: (781, 771), (816, 799)
[2025-07-25 16:03:32,084] Detected: license_plate | Confidence: 0.53 | Box: (809, 708), (837, 732)
[2025-07-25 16:03:32,300] Detected: license_plate | Confidence: 0.40 | Box: (955, 761), (985, 782)
[2025-07-25 16:03:32,558] Detected: license_plate | Confidence: 0.39 | Box: (1167, 735), (1198, 752)
[2025-07-25 16:03:48,413] Detected: license_plate | Confidence: 0.41 | Box: (929, 752), (965, 771)
[2025-07-25 16:04:00,343] Detected: license_plate | Confidence: 0.30 | Box: (867, 695), (911, 731)
[2025-07-25 16:04:00,570] Detected: license_plate | Confidence: 0.72 | Box: (630, 689), (667, 720)
[2025-07-25 16:04:40,433] Detected: license_plate | Confidence: 0.48 | Box: (854, 776), (909, 800)
[2025-07-25 16:04:40,433] Detected: license_plate | Confidence: 0.31 | Box: (842, 693), (891, 724)
[2025-07-25 16:04:40,663] Detected: license_plate | Confidence: 0.66 | Box: (628, 687), (680, 720)
[2025-07-25 16:04:49,621] Detected: license_plate | Confidence: 0.44 | Box: (942, 700), (978, 724)
[2025-07-25 16:04:56,331] Detected: license_plate | Confidence: 0.44 | Box: (510, 724), (547, 754)
[2025-07-25 16:04:56,820] Detected: license_plate | Confidence: 0.33 | Box: (906, 729), (946, 751)
[2025-07-25 16:05:12,263] Detected: license_plate | Confidence: 0.30 | Box: (495, 752), (523, 770)
[2025-07-25 16:05:12,425] Detected: license_plate | Confidence: 0.39 | Box: (758, 700), (804, 723)
[2025-07-25 16:05:12,539] Detected: license_plate | Confidence: 0.45 | Box: (824, 700), (869, 724)
[2025-07-25 16:06:49,476] Detected: license_plate | Confidence: 0.31 | Box: (942, 727), (984, 749)
[2025-07-25 16:07:36,409] Detected: license_plate | Confidence: 0.34 | Box: (683, 745), (732, 768)
[2025-07-25 16:07:36,540] Detected: license_plate | Confidence: 0.38 | Box: (580, 744), (628, 767)
[2025-07-25 16:07:56,716] Detected: license_plate | Confidence: 0.34 | Box: (968, 672), (1006, 695)
[2025-07-25 16:07:56,979] Detected: license_plate | Confidence: 0.44 | Box: (804, 678), (843, 702)
[2025-07-25 16:07:57,324] Detected: license_plate | Confidence: 0.32 | Box: (480, 779), (514, 799)
[2025-07-25 16:09:50,169] Detected: license_plate | Confidence: 0.32 | Box: (667, 722), (702, 740)
[2025-07-25 16:09:50,407] Detected: license_plate | Confidence: 0.29 | Box: (581, 740), (617, 761)
[2025-07-25 16:10:33,802] Detected: license_plate | Confidence: 0.42 | Box: (1031, 744), (1080, 763)
[2025-07-25 16:10:34,061] Detected: license_plate | Confidence: 0.47 | Box: (1251, 735), (1288, 753)
[2025-07-25 16:10:34,197] Detected: license_plate | Confidence: 0.26 | Box: (1265, 704), (1318, 724)
[2025-07-25 16:11:15,764] Detected: license_plate | Confidence: 0.30 | Box: (1180, 683), (1220, 708)
[2025-07-25 16:11:16,100] Detected: license_plate | Confidence: 0.29 | Box: (1307, 663), (1353, 690)
[2025-07-25 16:12:30,290] Detected: license_plate | Confidence: 0.31 | Box: (1271, 729), (1312, 744)
[2025-07-25 16:12:38,791] Detected: license_plate | Confidence: 0.43 | Box: (624, 680), (670, 704)
[2025-07-25 16:12:38,930] Detected: license_plate | Confidence: 0.35 | Box: (664, 748), (700, 768)
[2025-07-25 16:12:55,144] Detected: license_plate | Confidence: 0.29 | Box: (1272, 728), (1310, 749)
[2025-07-25 16:14:29,458] Detected: license_plate | Confidence: 0.41 | Box: (795, 699), (826, 719)
[2025-07-25 16:16:10,682] Detected: license_plate | Confidence: 0.40 | Box: (1350, 652), (1389, 679)
[2025-07-25 16:16:42,959] Detected: license_plate | Confidence: 0.50 | Box: (1048, 750), (1083, 772)
[2025-07-25 16:17:55,799] Detected: license_plate | Confidence: 0.68 | Box: (796, 680), (832, 710)
[2025-07-25 16:17:55,800] Detected: license_plate | Confidence: 0.55 | Box: (782, 771), (828, 798)
[2025-07-25 16:17:55,934] Detected: license_plate | Confidence: 0.46 | Box: (948, 662), (984, 690)
[2025-07-25 16:18:19,501] Detected: license_plate | Confidence: 0.50 | Box: (1069, 783), (1123, 799)
[2025-07-25 16:19:10,702] Detected: license_plate | Confidence: 0.38 | Box: (730, 773), (764, 797)
[2025-07-25 16:19:11,230] Detected: license_plate | Confidence: 0.41 | Box: (842, 772), (890, 800)
[2025-07-25 16:20:40,588] Detected: license_plate | Confidence: 0.54 | Box: (831, 739), (868, 762)
[2025-07-25 16:20:41,112] Detected: license_plate | Confidence: 0.51 | Box: (873, 765), (909, 787)
[2025-07-25 16:20:41,289] Detected: license_plate | Confidence: 0.67 | Box: (1130, 734), (1164, 758)
[2025-07-25 16:20:41,290] Detected: license_plate | Confidence: 0.33 | Box: (1168, 650), (1208, 671)
[2025-07-25 16:20:45,013] Detected: license_plate | Confidence: 0.58 | Box: (929, 688), (973, 715)
[2025-07-25 16:20:55,077] Detected: license_plate | Confidence: 0.29 | Box: (801, 729), (851, 754)
[2025-07-25 16:21:32,352] Detected: license_plate | Confidence: 0.33 | Box: (757, 709), (792, 739)
[2025-07-25 16:22:19,023] Detected: license_plate | Confidence: 0.31 | Box: (1344, 739), (1371, 759)
[2025-07-25 16:22:19,192] Detected: license_plate | Confidence: 0.29 | Box: (1292, 749), (1324, 769)
[2025-07-25 16:22:19,330] Detected: license_plate | Confidence: 0.34 | Box: (1270, 748), (1302, 766)
[2025-07-25 16:22:22,021] Detected: license_plate | Confidence: 0.35 | Box: (796, 779), (838, 798)
[2025-07-25 16:23:27,935] Detected: license_plate | Confidence: 0.43 | Box: (670, 729), (704, 752)
[2025-07-25 16:24:25,060] Detected: license_plate | Confidence: 0.53 | Box: (1076, 705), (1110, 745)
[2025-07-25 16:25:00,480] Detected: license_plate | Confidence: 0.39 | Box: (964, 670), (1003, 700)
[2025-07-25 16:25:00,481] Detected: license_plate | Confidence: 0.29 | Box: (1051, 730), (1093, 770)
[2025-07-25 16:25:01,172] Detected: license_plate | Confidence: 0.35 | Box: (482, 782), (529, 798)
[2025-07-25 16:25:01,173] Detected: license_plate | Confidence: 0.34 | Box: (633, 674), (681, 706)
[2025-07-25 16:25:48,841] Detected: license_plate | Confidence: 0.34 | Box: (901, 764), (952, 797)
[2025-07-25 16:25:50,822] Detected: license_plate | Confidence: 0.48 | Box: (610, 685), (662, 715)
[2025-07-25 16:25:51,051] Detected: license_plate | Confidence: 0.51 | Box: (570, 688), (613, 713)
[2025-07-25 16:26:28,586] Detected: license_plate | Confidence: 0.38 | Box: (1079, 741), (1123, 766)
[2025-07-25 16:26:50,237] Detected: license_plate | Confidence: 0.36 | Box: (1247, 672), (1290, 694)
[2025-07-25 16:27:11,954] Detected: license_plate | Confidence: 0.39 | Box: (1263, 682), (1314, 706)
[2025-07-25 16:27:29,416] Detected: license_plate | Confidence: 0.26 | Box: (787, 671), (827, 695)
[2025-07-25 16:27:29,538] Detected: license_plate | Confidence: 0.63 | Box: (907, 672), (942, 694)
[2025-07-25 16:28:38,229] Detected: license_plate | Confidence: 0.29 | Box: (514, 725), (545, 752)
[2025-07-25 16:28:38,382] Detected: license_plate | Confidence: 0.52 | Box: (650, 737), (688, 759)
[2025-07-25 16:28:38,561] Detected: license_plate | Confidence: 0.25 | Box: (866, 739), (912, 763)
[2025-07-25 16:29:37,508] Detected: license_plate | Confidence: 0.63 | Box: (1247, 698), (1277, 718)
[2025-07-25 16:29:51,355] Detected: license_plate | Confidence: 0.47 | Box: (1215, 677), (1248, 697)
[2025-08-01 15:55:17,447] YOLOv5  v6.1-179-gf3fecf9 torch 1.13.1+cpu CPU

[2025-08-01 15:55:17,499] Fusing layers... 
[2025-08-01 15:55:17,555] Model summary: 213 layers, 1760518 parameters, 0 gradients
[2025-08-01 15:55:17,559] Adding AutoShape... 
[2025-08-01 15:55:17,673] YOLOv5  v6.1-179-gf3fecf9 torch 1.13.1+cpu CPU

[2025-08-01 15:55:17,719] Fusing layers... 
[2025-08-01 15:55:17,780] Model summary: 213 layers, 1799755 parameters, 0 gradients
[2025-08-01 15:55:17,784] Adding AutoShape... 
[2025-08-01 15:59:20,876] YOLOv5  v6.1-179-gf3fecf9 torch 1.13.1+cpu CPU

[2025-08-01 15:59:20,928] Fusing layers... 
[2025-08-01 15:59:20,986] Model summary: 213 layers, 1760518 parameters, 0 gradients
[2025-08-01 15:59:20,989] Adding AutoShape... 
[2025-08-01 15:59:21,106] YOLOv5  v6.1-179-gf3fecf9 torch 1.13.1+cpu CPU

[2025-08-01 15:59:21,149] Fusing layers... 
[2025-08-01 15:59:21,210] Model summary: 213 layers, 1799755 parameters, 0 gradients
[2025-08-01 15:59:21,213] Adding AutoShape... 
[2025-08-01 16:01:33,088] YOLOv5  v6.1-179-gf3fecf9 torch 1.13.1+cpu CPU

[2025-08-01 16:01:33,134] Fusing layers... 
[2025-08-01 16:01:33,191] Model summary: 213 layers, 1760518 parameters, 0 gradients
[2025-08-01 16:01:33,197] Adding AutoShape... 
[2025-08-01 16:01:33,309] YOLOv5  v6.1-179-gf3fecf9 torch 1.13.1+cpu CPU

[2025-08-01 16:01:33,367] Fusing layers... 
[2025-08-01 16:01:33,420] Model summary: 213 layers, 1799755 parameters, 0 gradients
[2025-08-01 16:01:33,424] Adding AutoShape... 
[2025-08-01 16:01:37,888] Detected: license_plate | Confidence: 0.42 | Box: (713, 684), (742, 704)
[2025-08-01 16:01:37,890] Detected: license_plate | Confidence: 0.27 | Box: (799, 745), (845, 762)
[2025-08-01 16:01:38,078] Detected: license_plate | Confidence: 0.27 | Box: (852, 669), (896, 700)
[2025-08-01 16:01:38,161] Detected: license_plate | Confidence: 0.49 | Box: (933, 666), (969, 691)
[2025-08-01 16:01:38,161] Detected: license_plate | Confidence: 0.33 | Box: (971, 705), (1007, 725)
[2025-08-01 16:01:38,250] Detected: license_plate | Confidence: 0.60 | Box: (1041, 700), (1076, 717)
[2025-08-01 16:01:38,250] Detected: license_plate | Confidence: 0.32 | Box: (1001, 656), (1047, 686)
[2025-08-01 16:01:38,723] Detected: license_plate | Confidence: 0.25 | Box: (1180, 675), (1219, 692)
[2025-08-01 16:01:52,964] Detected: license_plate | Confidence: 0.48 | Box: (507, 688), (542, 708)
[2025-08-01 16:02:00,554] Detected: license_plate | Confidence: 0.26 | Box: (929, 701), (960, 722)
[2025-08-01 16:02:01,249] Detected: license_plate | Confidence: 0.30 | Box: (1336, 671), (1363, 687)
[2025-08-01 16:02:01,546] Detected: license_plate | Confidence: 0.30 | Box: (1281, 668), (1308, 687)
